  Enemy.cpp
C:\Users\GA3\Desktop\coopshooting\オンライン\試作物\試作物\Enemy.cpp(26,10): warning C4244: '=': 'double' から 'float' への変換です。データが失われる可能性があります。
  LaserBullet.cpp
C:\Users\GA3\Desktop\coopshooting\オンライン\試作物\試作物\LaserBullet.cpp(60,46): warning C4244: '引数': 'float' から 'int' への変換です。データが失われる可能性があります。
C:\Users\GA3\Desktop\coopshooting\オンライン\試作物\試作物\LaserBullet.cpp(60,39): warning C4244: '引数': 'float' から 'int' への変換です。データが失われる可能性があります。
C:\Users\GA3\Desktop\coopshooting\オンライン\試作物\試作物\LaserBullet.cpp(60,24): warning C4244: '引数': 'float' から 'int' への変換です。データが失われる可能性があります。
C:\Users\GA3\Desktop\coopshooting\オンライン\試作物\試作物\LaserBullet.cpp(60,20): warning C4244: '引数': 'float' から 'int' への変換です。データが失われる可能性があります。
  Player.cpp
C:\Users\GA3\Desktop\coopshooting\オンライン\試作物\試作物\Player.cpp(34,10): warning C4244: '=': 'double' から 'float' への変換です。データが失われる可能性があります。
C:\Users\GA3\Desktop\coopshooting\オンライン\試作物\試作物\Player.cpp(79,34): warning C4805: '==': 演算中の 'int' 型と 'bool' 型の混用は安全ではありません
C:\Users\GA3\Desktop\coopshooting\オンライン\試作物\試作物\Player.cpp(90,34): warning C4805: '==': 演算中の 'int' 型と 'bool' 型の混用は安全ではありません
  bullet.cpp
C:\Users\GA3\Desktop\coopshooting\オンライン\試作物\試作物\bullet.cpp(56,45): warning C4244: '引数': 'float' から 'int' への変換です。データが失われる可能性があります。
C:\Users\GA3\Desktop\coopshooting\オンライン\試作物\試作物\bullet.cpp(56,38): warning C4244: '引数': 'float' から 'int' への変換です。データが失われる可能性があります。
C:\Users\GA3\Desktop\coopshooting\オンライン\試作物\試作物\bullet.cpp(56,23): warning C4244: '引数': 'float' から 'int' への変換です。データが失われる可能性があります。
C:\Users\GA3\Desktop\coopshooting\オンライン\試作物\試作物\bullet.cpp(56,19): warning C4244: '引数': 'float' から 'int' への変換です。データが失われる可能性があります。
C:\Users\GA3\Desktop\coopshooting\オンライン\試作物\試作物\bullet.cpp(70,45): warning C4244: '引数': 'float' から 'int' への変換です。データが失われる可能性があります。
C:\Users\GA3\Desktop\coopshooting\オンライン\試作物\試作物\bullet.cpp(70,38): warning C4244: '引数': 'float' から 'int' への変換です。データが失われる可能性があります。
C:\Users\GA3\Desktop\coopshooting\オンライン\試作物\試作物\bullet.cpp(70,23): warning C4244: '引数': 'float' から 'int' への変換です。データが失われる可能性があります。
C:\Users\GA3\Desktop\coopshooting\オンライン\試作物\試作物\bullet.cpp(70,19): warning C4244: '引数': 'float' から 'int' への変換です。データが失われる可能性があります。
C:\Users\GA3\Desktop\coopshooting\オンライン\試作物\試作物\bullet.cpp(84,45): warning C4244: '引数': 'float' から 'int' への変換です。データが失われる可能性があります。
C:\Users\GA3\Desktop\coopshooting\オンライン\試作物\試作物\bullet.cpp(84,38): warning C4244: '引数': 'float' から 'int' への変換です。データが失われる可能性があります。
C:\Users\GA3\Desktop\coopshooting\オンライン\試作物\試作物\bullet.cpp(84,23): warning C4244: '引数': 'float' から 'int' への変換です。データが失われる可能性があります。
C:\Users\GA3\Desktop\coopshooting\オンライン\試作物\試作物\bullet.cpp(84,19): warning C4244: '引数': 'float' から 'int' への変換です。データが失われる可能性があります。
C:\Users\GA3\Desktop\coopshooting\オンライン\試作物\試作物\bullet.cpp(98,45): warning C4244: '引数': 'float' から 'int' への変換です。データが失われる可能性があります。
C:\Users\GA3\Desktop\coopshooting\オンライン\試作物\試作物\bullet.cpp(98,38): warning C4244: '引数': 'float' から 'int' への変換です。データが失われる可能性があります。
C:\Users\GA3\Desktop\coopshooting\オンライン\試作物\試作物\bullet.cpp(98,23): warning C4244: '引数': 'float' から 'int' への変換です。データが失われる可能性があります。
C:\Users\GA3\Desktop\coopshooting\オンライン\試作物\試作物\bullet.cpp(98,19): warning C4244: '引数': 'float' から 'int' への変換です。データが失われる可能性があります。
C:\Users\GA3\Desktop\coopshooting\オンライン\試作物\試作物\bullet.cpp(123,42): warning C4390: ';': 制御が空の文が見つかりました。意図した記述でしょうか?
  main.cpp
  utility.cpp
  コードを生成中...
C:\Users\GA3\Desktop\coopshooting\オンライン\試作物\試作物\utility.cpp(24): warning C4715: 'PosYSave': 値を返さないコントロール パスがあります。
C:\Users\GA3\Desktop\coopshooting\オンライン\試作物\試作物\utility.cpp(15): warning C4715: 'PosXSave': 値を返さないコントロール パスがあります。
  LINK : 前回のインクリメンタル リンクで C:\Users\GA3\Desktop\coopshooting\オンライン\試作物\Debug\試作物.exe が見つからなかったか、ビルドされませんでした。フル リンクを行います。
  試作物.vcxproj -> C:\Users\GA3\Desktop\coopshooting\オンライン\試作物\Debug\試作物.exe
